{"/Users/lorinjameson/Work/recogito-bonn/jest/src/utility.ts": {"path":"/Users/lorinjameson/Work/recogito-bonn/jest/src/utility.ts","statementMap":{"0":{"start":{"line":2,"column":0},"end":{"line":2,"column":66}},"1":{"start":{"line":5,"column":2},"end":{"line":5,"column":205}},"2":{"start":{"line":4,"column":0},"end":{"line":4,"column":16}},"3":{"start":{"line":10,"column":19},"end":{"line":10,"column":42}},"4":{"start":{"line":12,"column":26},"end":{"line":15,"column":4}},"5":{"start":{"line":17,"column":2},"end":{"line":19,"column":null}},"6":{"start":{"line":18,"column":4},"end":{"line":18,"column":null}},"7":{"start":{"line":21,"column":2},"end":{"line":21,"column":14}},"8":{"start":{"line":8,"column":0},"end":{"line":8,"column":22}},"9":{"start":{"line":26,"column":19},"end":{"line":26,"column":42}},"10":{"start":{"line":28,"column":26},"end":{"line":31,"column":4}},"11":{"start":{"line":33,"column":2},"end":{"line":35,"column":null}},"12":{"start":{"line":34,"column":4},"end":{"line":34,"column":null}},"13":{"start":{"line":37,"column":2},"end":{"line":37,"column":14}},"14":{"start":{"line":24,"column":0},"end":{"line":24,"column":22}},"15":{"start":{"line":42,"column":19},"end":{"line":42,"column":42}},"16":{"start":{"line":44,"column":26},"end":{"line":47,"column":4}},"17":{"start":{"line":49,"column":2},"end":{"line":51,"column":null}},"18":{"start":{"line":50,"column":4},"end":{"line":50,"column":null}},"19":{"start":{"line":53,"column":2},"end":{"line":53,"column":14}},"20":{"start":{"line":40,"column":0},"end":{"line":40,"column":22}},"21":{"start":{"line":58,"column":19},"end":{"line":58,"column":42}},"22":{"start":{"line":60,"column":26},"end":{"line":63,"column":4}},"23":{"start":{"line":65,"column":2},"end":{"line":67,"column":null}},"24":{"start":{"line":66,"column":4},"end":{"line":66,"column":null}},"25":{"start":{"line":69,"column":2},"end":{"line":69,"column":14}},"26":{"start":{"line":56,"column":0},"end":{"line":56,"column":22}},"27":{"start":{"line":73,"column":2},"end":{"line":73,"column":216}},"28":{"start":{"line":72,"column":0},"end":{"line":72,"column":22}}},"fnMap":{"0":{"name":"initializeLocalClient","decl":{"start":{"line":4,"column":16},"end":{"line":4,"column":37}},"loc":{"start":{"line":4,"column":37},"end":{"line":6,"column":1}}},"1":{"name":"loginAsOrgAdmin","decl":{"start":{"line":8,"column":22},"end":{"line":8,"column":37}},"loc":{"start":{"line":8,"column":37},"end":{"line":22,"column":null}}},"2":{"name":"loginAsStudent","decl":{"start":{"line":24,"column":22},"end":{"line":24,"column":36}},"loc":{"start":{"line":24,"column":36},"end":{"line":38,"column":null}}},"3":{"name":"loginAsProfessor","decl":{"start":{"line":40,"column":22},"end":{"line":40,"column":38}},"loc":{"start":{"line":40,"column":38},"end":{"line":54,"column":null}}},"4":{"name":"loginAsTutor","decl":{"start":{"line":56,"column":22},"end":{"line":56,"column":34}},"loc":{"start":{"line":56,"column":34},"end":{"line":70,"column":null}}},"5":{"name":"loginAsServiceUser","decl":{"start":{"line":72,"column":22},"end":{"line":72,"column":40}},"loc":{"start":{"line":72,"column":40},"end":{"line":74,"column":null}}}},"branchMap":{"0":{"loc":{"start":{"line":14,"column":14},"end":{"line":14,"column":46}},"type":"binary-expr","locations":[{"start":{"line":14,"column":14},"end":{"line":14,"column":40}},{"start":{"line":14,"column":44},"end":{"line":14,"column":46}}]},"1":{"loc":{"start":{"line":17,"column":2},"end":{"line":19,"column":null}},"type":"if","locations":[{"start":{"line":17,"column":2},"end":{"line":19,"column":null}}]},"2":{"loc":{"start":{"line":17,"column":5},"end":{"line":17,"column":43}},"type":"binary-expr","locations":[{"start":{"line":17,"column":5},"end":{"line":17,"column":11}},{"start":{"line":17,"column":15},"end":{"line":17,"column":41}}]},"3":{"loc":{"start":{"line":17,"column":15},"end":{"line":17,"column":41}},"type":"cond-expr","locations":[{"start":{"line":17,"column":27},"end":{"line":17,"column":29}},{"start":{"line":17,"column":27},"end":{"line":17,"column":41}}]},"4":{"loc":{"start":{"line":17,"column":15},"end":{"line":17,"column":29}},"type":"binary-expr","locations":[{"start":{"line":17,"column":15},"end":{"line":17,"column":29}},{"start":{"line":17,"column":27},"end":{"line":17,"column":29}}]},"5":{"loc":{"start":{"line":18,"column":49},"end":{"line":18,"column":85}},"type":"cond-expr","locations":[{"start":{"line":18,"column":61},"end":{"line":18,"column":63}},{"start":{"line":18,"column":61},"end":{"line":18,"column":85}}]},"6":{"loc":{"start":{"line":18,"column":49},"end":{"line":18,"column":63}},"type":"binary-expr","locations":[{"start":{"line":18,"column":49},"end":{"line":18,"column":63}},{"start":{"line":18,"column":61},"end":{"line":18,"column":63}}]},"7":{"loc":{"start":{"line":30,"column":14},"end":{"line":30,"column":42}},"type":"binary-expr","locations":[{"start":{"line":30,"column":14},"end":{"line":30,"column":36}},{"start":{"line":30,"column":40},"end":{"line":30,"column":42}}]},"8":{"loc":{"start":{"line":33,"column":2},"end":{"line":35,"column":null}},"type":"if","locations":[{"start":{"line":33,"column":2},"end":{"line":35,"column":null}}]},"9":{"loc":{"start":{"line":33,"column":5},"end":{"line":33,"column":43}},"type":"binary-expr","locations":[{"start":{"line":33,"column":5},"end":{"line":33,"column":11}},{"start":{"line":33,"column":15},"end":{"line":33,"column":41}}]},"10":{"loc":{"start":{"line":33,"column":15},"end":{"line":33,"column":41}},"type":"cond-expr","locations":[{"start":{"line":33,"column":27},"end":{"line":33,"column":29}},{"start":{"line":33,"column":27},"end":{"line":33,"column":41}}]},"11":{"loc":{"start":{"line":33,"column":15},"end":{"line":33,"column":29}},"type":"binary-expr","locations":[{"start":{"line":33,"column":15},"end":{"line":33,"column":29}},{"start":{"line":33,"column":27},"end":{"line":33,"column":29}}]},"12":{"loc":{"start":{"line":34,"column":49},"end":{"line":34,"column":85}},"type":"cond-expr","locations":[{"start":{"line":34,"column":61},"end":{"line":34,"column":63}},{"start":{"line":34,"column":61},"end":{"line":34,"column":85}}]},"13":{"loc":{"start":{"line":34,"column":49},"end":{"line":34,"column":63}},"type":"binary-expr","locations":[{"start":{"line":34,"column":49},"end":{"line":34,"column":63}},{"start":{"line":34,"column":61},"end":{"line":34,"column":63}}]},"14":{"loc":{"start":{"line":46,"column":14},"end":{"line":46,"column":44}},"type":"binary-expr","locations":[{"start":{"line":46,"column":14},"end":{"line":46,"column":38}},{"start":{"line":46,"column":42},"end":{"line":46,"column":44}}]},"15":{"loc":{"start":{"line":49,"column":2},"end":{"line":51,"column":null}},"type":"if","locations":[{"start":{"line":49,"column":2},"end":{"line":51,"column":null}}]},"16":{"loc":{"start":{"line":49,"column":5},"end":{"line":49,"column":43}},"type":"binary-expr","locations":[{"start":{"line":49,"column":5},"end":{"line":49,"column":11}},{"start":{"line":49,"column":15},"end":{"line":49,"column":41}}]},"17":{"loc":{"start":{"line":49,"column":15},"end":{"line":49,"column":41}},"type":"cond-expr","locations":[{"start":{"line":49,"column":27},"end":{"line":49,"column":29}},{"start":{"line":49,"column":27},"end":{"line":49,"column":41}}]},"18":{"loc":{"start":{"line":49,"column":15},"end":{"line":49,"column":29}},"type":"binary-expr","locations":[{"start":{"line":49,"column":15},"end":{"line":49,"column":29}},{"start":{"line":49,"column":27},"end":{"line":49,"column":29}}]},"19":{"loc":{"start":{"line":50,"column":49},"end":{"line":50,"column":85}},"type":"cond-expr","locations":[{"start":{"line":50,"column":61},"end":{"line":50,"column":63}},{"start":{"line":50,"column":61},"end":{"line":50,"column":85}}]},"20":{"loc":{"start":{"line":50,"column":49},"end":{"line":50,"column":63}},"type":"binary-expr","locations":[{"start":{"line":50,"column":49},"end":{"line":50,"column":63}},{"start":{"line":50,"column":61},"end":{"line":50,"column":63}}]},"21":{"loc":{"start":{"line":62,"column":14},"end":{"line":62,"column":40}},"type":"binary-expr","locations":[{"start":{"line":62,"column":14},"end":{"line":62,"column":34}},{"start":{"line":62,"column":38},"end":{"line":62,"column":40}}]},"22":{"loc":{"start":{"line":65,"column":2},"end":{"line":67,"column":null}},"type":"if","locations":[{"start":{"line":65,"column":2},"end":{"line":67,"column":null}}]},"23":{"loc":{"start":{"line":65,"column":5},"end":{"line":65,"column":43}},"type":"binary-expr","locations":[{"start":{"line":65,"column":5},"end":{"line":65,"column":11}},{"start":{"line":65,"column":15},"end":{"line":65,"column":41}}]},"24":{"loc":{"start":{"line":65,"column":15},"end":{"line":65,"column":41}},"type":"cond-expr","locations":[{"start":{"line":65,"column":27},"end":{"line":65,"column":29}},{"start":{"line":65,"column":27},"end":{"line":65,"column":41}}]},"25":{"loc":{"start":{"line":65,"column":15},"end":{"line":65,"column":29}},"type":"binary-expr","locations":[{"start":{"line":65,"column":15},"end":{"line":65,"column":29}},{"start":{"line":65,"column":27},"end":{"line":65,"column":29}}]},"26":{"loc":{"start":{"line":66,"column":49},"end":{"line":66,"column":85}},"type":"cond-expr","locations":[{"start":{"line":66,"column":61},"end":{"line":66,"column":63}},{"start":{"line":66,"column":61},"end":{"line":66,"column":85}}]},"27":{"loc":{"start":{"line":66,"column":49},"end":{"line":66,"column":63}},"type":"binary-expr","locations":[{"start":{"line":66,"column":49},"end":{"line":66,"column":63}},{"start":{"line":66,"column":61},"end":{"line":66,"column":63}}]}},"s":{"0":1,"1":65,"2":1,"3":10,"4":10,"5":10,"6":10,"7":0,"8":1,"9":18,"10":18,"11":18,"12":18,"13":0,"14":1,"15":30,"16":30,"17":30,"18":30,"19":0,"20":1,"21":7,"22":7,"23":7,"24":7,"25":0,"26":1,"27":6,"28":1},"f":{"0":65,"1":10,"2":18,"3":30,"4":7,"5":6},"b":{"0":[10,0],"1":[10],"2":[10,10],"3":[0,10],"4":[10,10],"5":[0,10],"6":[10,10],"7":[18,0],"8":[18],"9":[18,18],"10":[0,18],"11":[18,18],"12":[0,18],"13":[18,18],"14":[30,0],"15":[30],"16":[30,30],"17":[0,30],"18":[30,30],"19":[0,30],"20":[30,30],"21":[7,0],"22":[7],"23":[7,7],"24":[0,7],"25":[7,7],"26":[0,7],"27":[7,7]}}
}
