TN:
SF:src/utility.ts
FN:4,initializeLocalClient
FN:8,loginAsOrgAdmin
FN:24,loginAsStudent
FN:40,loginAsProfessor
FN:56,loginAsTutor
FN:72,loginAsServiceUser
FNF:6
FNH:6
FNDA:65,initializeLocalClient
FNDA:10,loginAsOrgAdmin
FNDA:18,loginAsStudent
FNDA:30,loginAsProfessor
FNDA:7,loginAsTutor
FNDA:6,loginAsServiceUser
DA:2,1
DA:4,1
DA:5,65
DA:8,1
DA:10,10
DA:12,10
DA:17,10
DA:18,10
DA:21,0
DA:24,1
DA:26,18
DA:28,18
DA:33,18
DA:34,18
DA:37,0
DA:40,1
DA:42,30
DA:44,30
DA:49,30
DA:50,30
DA:53,0
DA:56,1
DA:58,7
DA:60,7
DA:65,7
DA:66,7
DA:69,0
DA:72,1
DA:73,6
LF:29
LH:25
BRDA:14,0,0,10
BRDA:14,0,1,0
BRDA:17,1,0,10
BRDA:17,2,0,10
BRDA:17,2,1,10
BRDA:17,3,0,0
BRDA:17,3,1,10
BRDA:17,4,0,10
BRDA:17,4,1,10
BRDA:18,5,0,0
BRDA:18,5,1,10
BRDA:18,6,0,10
BRDA:18,6,1,10
BRDA:30,7,0,18
BRDA:30,7,1,0
BRDA:33,8,0,18
BRDA:33,9,0,18
BRDA:33,9,1,18
BRDA:33,10,0,0
BRDA:33,10,1,18
BRDA:33,11,0,18
BRDA:33,11,1,18
BRDA:34,12,0,0
BRDA:34,12,1,18
BRDA:34,13,0,18
BRDA:34,13,1,18
BRDA:46,14,0,30
BRDA:46,14,1,0
BRDA:49,15,0,30
BRDA:49,16,0,30
BRDA:49,16,1,30
BRDA:49,17,0,0
BRDA:49,17,1,30
BRDA:49,18,0,30
BRDA:49,18,1,30
BRDA:50,19,0,0
BRDA:50,19,1,30
BRDA:50,20,0,30
BRDA:50,20,1,30
BRDA:62,21,0,7
BRDA:62,21,1,0
BRDA:65,22,0,7
BRDA:65,23,0,7
BRDA:65,23,1,7
BRDA:65,24,0,0
BRDA:65,24,1,7
BRDA:65,25,0,7
BRDA:65,25,1,7
BRDA:66,26,0,0
BRDA:66,26,1,7
BRDA:66,27,0,7
BRDA:66,27,1,7
BRF:52
BRH:40
end_of_record
